<?xml version="1.0" encoding="UTF-8"?>
<robot generator="Robot 6.0.2 (Python 3.8.5 on darwin)" generated="20230407 23:24:27.976" rpa="false" schemaversion="3">
<suite id="s1" name="Star Wars Performance" source="/Users/koukouvagia/Documents/myRepos/XM_exercise/star_wars_performance.robot">
<kw name="Start Flask Server" type="SETUP">
<doc>Start the Flask server</doc>
<kw name="Start Process" library="Process">
<var>${process}</var>
<arg>flask run</arg>
<arg>cwd=/Users/koukouvagia/Documents/myRepos/XM_exercise</arg>
<arg>shell=True</arg>
<doc>Starts a new process on background.</doc>
<msg timestamp="20230407 23:24:28.149" level="INFO">Starting process:
flask run</msg>
<msg timestamp="20230407 23:24:28.155" level="INFO">${process} = &lt;subprocess.Popen object at 0x7fb7fc071c10&gt;</msg>
<status status="PASS" starttime="20230407 23:24:28.149" endtime="20230407 23:24:28.155"/>
</kw>
<kw name="Wait For Process" library="Process">
<arg>${process}</arg>
<arg>timeout=5s</arg>
<doc>Waits for the process to complete or to reach the given timeout.</doc>
<msg timestamp="20230407 23:24:28.157" level="INFO">Waiting for process to complete.</msg>
<msg timestamp="20230407 23:24:33.203" level="INFO">Process did not complete in 5 seconds.</msg>
<msg timestamp="20230407 23:24:33.203" level="INFO">Leaving process intact.</msg>
<status status="PASS" starttime="20230407 23:24:28.156" endtime="20230407 23:24:33.204"/>
</kw>
<kw name="Process Should Be Running" library="Process">
<arg>${process}</arg>
<doc>Verifies that the process is running.</doc>
<status status="PASS" starttime="20230407 23:24:33.204" endtime="20230407 23:24:33.205"/>
</kw>
<status status="PASS" starttime="20230407 23:24:28.148" endtime="20230407 23:24:33.205"/>
</kw>
<test id="s1-t1" name="Access Endpoint Continuously" line="15">
<kw name="Get Current Date" library="DateTime">
<var>${start_time}</var>
<arg>result_format=epoch</arg>
<doc>Returns current local or UTC time with an optional increment.</doc>
<msg timestamp="20230407 23:24:33.208" level="INFO">${start_time} = 1680899073.20772</msg>
<status status="PASS" starttime="20230407 23:24:33.207" endtime="20230407 23:24:33.208"/>
</kw>
<kw name="Get Future Date">
<var>${end_time}</var>
<arg>${start_time}</arg>
<arg>${DURATION}</arg>
<doc>Get the time in the future by a specified duration</doc>
<kw name="Add Time To Date" library="DateTime">
<var>${future_time}</var>
<arg>${start_time}</arg>
<arg>${duration}</arg>
<arg>result_format=epoch</arg>
<doc>Adds time to date and returns the resulting date.</doc>
<msg timestamp="20230407 23:24:33.210" level="INFO">${future_time} = 1680899083.20772</msg>
<status status="PASS" starttime="20230407 23:24:33.209" endtime="20230407 23:24:33.210"/>
</kw>
<msg timestamp="20230407 23:24:33.211" level="INFO">${end_time} = 1680899083.20772</msg>
<status status="PASS" starttime="20230407 23:24:33.209" endtime="20230407 23:24:33.211"/>
</kw>
<kw name="Get Current Date" library="DateTime">
<var>${current_time}</var>
<arg>result_format=epoch</arg>
<doc>Returns current local or UTC time with an optional increment.</doc>
<msg timestamp="20230407 23:24:33.211" level="INFO">${current_time} = 1680899073.211306</msg>
<status status="PASS" starttime="20230407 23:24:33.211" endtime="20230407 23:24:33.212"/>
</kw>
<kw name="Create List" library="BuiltIn">
<var>${response_times}</var>
<doc>Returns a list containing given items.</doc>
<msg timestamp="20230407 23:24:33.212" level="INFO">${response_times} = []</msg>
<status status="PASS" starttime="20230407 23:24:33.212" endtime="20230407 23:24:33.212"/>
</kw>
<while condition="${current_time} &lt; ${end_time}">
<iter>
<kw name="Get Current Date" library="DateTime">
<var>${response_start}</var>
<arg>result_format=epoch</arg>
<doc>Returns current local or UTC time with an optional increment.</doc>
<msg timestamp="20230407 23:24:33.213" level="INFO">${response_start} = 1680899073.213244</msg>
<status status="PASS" starttime="20230407 23:24:33.213" endtime="20230407 23:24:33.213"/>
</kw>
<kw name="GET" library="RequestsLibrary">
<var>${response}</var>
<arg>${SERVER_URL}/people</arg>
<doc>Sends a GET request.</doc>
<msg timestamp="20230407 23:24:35.191" level="INFO">GET Request : url=http://localhost:5000/people 
 path_url=/people 
 headers={'User-Agent': 'python-requests/2.28.2', 'Accept-Encoding': 'gzip, deflate', 'Accept': '*/*', 'Connection': 'keep-alive'} 
 body=None 
 </msg>
<msg timestamp="20230407 23:24:35.192" level="INFO">GET Response : url=http://localhost:5000/people 
 status=200, reason=OK 
 headers={'Server': 'Werkzeug/2.2.3 Python/3.8.5', 'Date': 'Fri, 07 Apr 2023 20:24:35 GMT', 'Content-Type': 'application/json', 'Content-Length': '154', 'Connection': 'close'} 
 body=[{"hair_color":"blond","height":"172","id":1,"mass":"77","name":"Luke Skywalker"},{"hair_color":"none","height":"165","id":2,"mass":"75","name":"C-3PO"}]
 
 </msg>
<msg timestamp="20230407 23:24:35.192" level="INFO">${response} = &lt;Response [200]&gt;</msg>
<status status="PASS" starttime="20230407 23:24:33.214" endtime="20230407 23:24:35.192"/>
</kw>
<kw name="Get Current Date" library="DateTime">
<var>${response_end}</var>
<arg>result_format=epoch</arg>
<doc>Returns current local or UTC time with an optional increment.</doc>
<msg timestamp="20230407 23:24:35.193" level="INFO">${response_end} = 1680899075.192718</msg>
<status status="PASS" starttime="20230407 23:24:35.192" endtime="20230407 23:24:35.193"/>
</kw>
<kw name="Subtract Date From Date" library="DateTime">
<var>${response_time}</var>
<arg>${response_end}</arg>
<arg>${response_start}</arg>
<doc>Subtracts date from another date and returns time between.</doc>
<msg timestamp="20230407 23:24:35.194" level="INFO">${response_time} = 1.979474</msg>
<status status="PASS" starttime="20230407 23:24:35.194" endtime="20230407 23:24:35.194"/>
</kw>
<kw name="Should Be Equal As Strings" library="BuiltIn">
<arg>${response.status_code}</arg>
<arg>200</arg>
<doc>Fails if objects are unequal after converting them to strings.</doc>
<msg timestamp="20230407 23:24:35.196" level="INFO">Argument types are:
&lt;class 'int'&gt;
&lt;class 'str'&gt;</msg>
<status status="PASS" starttime="20230407 23:24:35.194" endtime="20230407 23:24:35.196"/>
</kw>
<kw name="Convert To Milliseconds">
<var>${response_time}</var>
<arg>${response_time}</arg>
<msg timestamp="20230407 23:24:35.199" level="INFO">${response_time} = 1979.474</msg>
<status status="PASS" starttime="20230407 23:24:35.196" endtime="20230407 23:24:35.199"/>
</kw>
<kw name="Append To List" library="Collections">
<arg>${response_times}</arg>
<arg>${response_time}</arg>
<doc>Adds ``values`` to the end of ``list``.</doc>
<status status="PASS" starttime="20230407 23:24:35.199" endtime="20230407 23:24:35.199"/>
</kw>
<kw name="Get Current Date" library="DateTime">
<var>${current_time}</var>
<arg>result_format=epoch</arg>
<doc>Returns current local or UTC time with an optional increment.</doc>
<msg timestamp="20230407 23:24:35.200" level="INFO">${current_time} = 1680899075.199453</msg>
<status status="PASS" starttime="20230407 23:24:35.199" endtime="20230407 23:24:35.200"/>
</kw>
<kw name="Sleep" library="BuiltIn">
<arg>1s</arg>
<doc>Pauses the test executed for the given time.</doc>
<msg timestamp="20230407 23:24:36.201" level="INFO">Slept 1 second</msg>
<status status="PASS" starttime="20230407 23:24:35.200" endtime="20230407 23:24:36.201"/>
</kw>
<status status="PASS" starttime="20230407 23:24:33.212" endtime="20230407 23:24:36.201"/>
</iter>
<iter>
<kw name="Get Current Date" library="DateTime">
<var>${response_start}</var>
<arg>result_format=epoch</arg>
<doc>Returns current local or UTC time with an optional increment.</doc>
<msg timestamp="20230407 23:24:36.202" level="INFO">${response_start} = 1680899076.201421</msg>
<status status="PASS" starttime="20230407 23:24:36.201" endtime="20230407 23:24:36.202"/>
</kw>
<kw name="GET" library="RequestsLibrary">
<var>${response}</var>
<arg>${SERVER_URL}/people</arg>
<doc>Sends a GET request.</doc>
<msg timestamp="20230407 23:24:36.805" level="INFO">GET Request : url=http://localhost:5000/people 
 path_url=/people 
 headers={'User-Agent': 'python-requests/2.28.2', 'Accept-Encoding': 'gzip, deflate', 'Accept': '*/*', 'Connection': 'keep-alive'} 
 body=None 
 </msg>
<msg timestamp="20230407 23:24:36.805" level="INFO">GET Response : url=http://localhost:5000/people 
 status=200, reason=OK 
 headers={'Server': 'Werkzeug/2.2.3 Python/3.8.5', 'Date': 'Fri, 07 Apr 2023 20:24:36 GMT', 'Content-Type': 'application/json', 'Content-Length': '154', 'Connection': 'close'} 
 body=[{"hair_color":"blond","height":"172","id":1,"mass":"77","name":"Luke Skywalker"},{"hair_color":"none","height":"165","id":2,"mass":"75","name":"C-3PO"}]
 
 </msg>
<msg timestamp="20230407 23:24:36.805" level="INFO">${response} = &lt;Response [200]&gt;</msg>
<status status="PASS" starttime="20230407 23:24:36.202" endtime="20230407 23:24:36.805"/>
</kw>
<kw name="Get Current Date" library="DateTime">
<var>${response_end}</var>
<arg>result_format=epoch</arg>
<doc>Returns current local or UTC time with an optional increment.</doc>
<msg timestamp="20230407 23:24:36.806" level="INFO">${response_end} = 1680899076.80577</msg>
<status status="PASS" starttime="20230407 23:24:36.805" endtime="20230407 23:24:36.806"/>
</kw>
<kw name="Subtract Date From Date" library="DateTime">
<var>${response_time}</var>
<arg>${response_end}</arg>
<arg>${response_start}</arg>
<doc>Subtracts date from another date and returns time between.</doc>
<msg timestamp="20230407 23:24:36.807" level="INFO">${response_time} = 0.604349</msg>
<status status="PASS" starttime="20230407 23:24:36.806" endtime="20230407 23:24:36.807"/>
</kw>
<kw name="Should Be Equal As Strings" library="BuiltIn">
<arg>${response.status_code}</arg>
<arg>200</arg>
<doc>Fails if objects are unequal after converting them to strings.</doc>
<msg timestamp="20230407 23:24:36.808" level="INFO">Argument types are:
&lt;class 'int'&gt;
&lt;class 'str'&gt;</msg>
<status status="PASS" starttime="20230407 23:24:36.807" endtime="20230407 23:24:36.808"/>
</kw>
<kw name="Convert To Milliseconds">
<var>${response_time}</var>
<arg>${response_time}</arg>
<msg timestamp="20230407 23:24:36.809" level="INFO">${response_time} = 604.349</msg>
<status status="PASS" starttime="20230407 23:24:36.808" endtime="20230407 23:24:36.809"/>
</kw>
<kw name="Append To List" library="Collections">
<arg>${response_times}</arg>
<arg>${response_time}</arg>
<doc>Adds ``values`` to the end of ``list``.</doc>
<status status="PASS" starttime="20230407 23:24:36.809" endtime="20230407 23:24:36.810"/>
</kw>
<kw name="Get Current Date" library="DateTime">
<var>${current_time}</var>
<arg>result_format=epoch</arg>
<doc>Returns current local or UTC time with an optional increment.</doc>
<msg timestamp="20230407 23:24:36.810" level="INFO">${current_time} = 1680899076.810033</msg>
<status status="PASS" starttime="20230407 23:24:36.810" endtime="20230407 23:24:36.810"/>
</kw>
<kw name="Sleep" library="BuiltIn">
<arg>1s</arg>
<doc>Pauses the test executed for the given time.</doc>
<msg timestamp="20230407 23:24:37.813" level="INFO">Slept 1 second</msg>
<status status="PASS" starttime="20230407 23:24:36.810" endtime="20230407 23:24:37.814"/>
</kw>
<status status="PASS" starttime="20230407 23:24:36.201" endtime="20230407 23:24:37.814"/>
</iter>
<iter>
<kw name="Get Current Date" library="DateTime">
<var>${response_start}</var>
<arg>result_format=epoch</arg>
<doc>Returns current local or UTC time with an optional increment.</doc>
<msg timestamp="20230407 23:24:37.815" level="INFO">${response_start} = 1680899077.815131</msg>
<status status="PASS" starttime="20230407 23:24:37.815" endtime="20230407 23:24:37.815"/>
</kw>
<kw name="GET" library="RequestsLibrary">
<var>${response}</var>
<arg>${SERVER_URL}/people</arg>
<doc>Sends a GET request.</doc>
<msg timestamp="20230407 23:24:39.328" level="INFO">GET Request : url=http://localhost:5000/people 
 path_url=/people 
 headers={'User-Agent': 'python-requests/2.28.2', 'Accept-Encoding': 'gzip, deflate', 'Accept': '*/*', 'Connection': 'keep-alive'} 
 body=None 
 </msg>
<msg timestamp="20230407 23:24:39.328" level="INFO">GET Response : url=http://localhost:5000/people 
 status=200, reason=OK 
 headers={'Server': 'Werkzeug/2.2.3 Python/3.8.5', 'Date': 'Fri, 07 Apr 2023 20:24:39 GMT', 'Content-Type': 'application/json', 'Content-Length': '154', 'Connection': 'close'} 
 body=[{"hair_color":"blond","height":"172","id":1,"mass":"77","name":"Luke Skywalker"},{"hair_color":"none","height":"165","id":2,"mass":"75","name":"C-3PO"}]
 
 </msg>
<msg timestamp="20230407 23:24:39.328" level="INFO">${response} = &lt;Response [200]&gt;</msg>
<status status="PASS" starttime="20230407 23:24:37.816" endtime="20230407 23:24:39.328"/>
</kw>
<kw name="Get Current Date" library="DateTime">
<var>${response_end}</var>
<arg>result_format=epoch</arg>
<doc>Returns current local or UTC time with an optional increment.</doc>
<msg timestamp="20230407 23:24:39.329" level="INFO">${response_end} = 1680899079.328596</msg>
<status status="PASS" starttime="20230407 23:24:39.328" endtime="20230407 23:24:39.329"/>
</kw>
<kw name="Subtract Date From Date" library="DateTime">
<var>${response_time}</var>
<arg>${response_end}</arg>
<arg>${response_start}</arg>
<doc>Subtracts date from another date and returns time between.</doc>
<msg timestamp="20230407 23:24:39.330" level="INFO">${response_time} = 1.513465</msg>
<status status="PASS" starttime="20230407 23:24:39.329" endtime="20230407 23:24:39.330"/>
</kw>
<kw name="Should Be Equal As Strings" library="BuiltIn">
<arg>${response.status_code}</arg>
<arg>200</arg>
<doc>Fails if objects are unequal after converting them to strings.</doc>
<msg timestamp="20230407 23:24:39.331" level="INFO">Argument types are:
&lt;class 'int'&gt;
&lt;class 'str'&gt;</msg>
<status status="PASS" starttime="20230407 23:24:39.330" endtime="20230407 23:24:39.331"/>
</kw>
<kw name="Convert To Milliseconds">
<var>${response_time}</var>
<arg>${response_time}</arg>
<msg timestamp="20230407 23:24:39.332" level="INFO">${response_time} = 1513.4650000000001</msg>
<status status="PASS" starttime="20230407 23:24:39.331" endtime="20230407 23:24:39.333"/>
</kw>
<kw name="Append To List" library="Collections">
<arg>${response_times}</arg>
<arg>${response_time}</arg>
<doc>Adds ``values`` to the end of ``list``.</doc>
<status status="PASS" starttime="20230407 23:24:39.333" endtime="20230407 23:24:39.333"/>
</kw>
<kw name="Get Current Date" library="DateTime">
<var>${current_time}</var>
<arg>result_format=epoch</arg>
<doc>Returns current local or UTC time with an optional increment.</doc>
<msg timestamp="20230407 23:24:39.333" level="INFO">${current_time} = 1680899079.333344</msg>
<status status="PASS" starttime="20230407 23:24:39.333" endtime="20230407 23:24:39.334"/>
</kw>
<kw name="Sleep" library="BuiltIn">
<arg>1s</arg>
<doc>Pauses the test executed for the given time.</doc>
<msg timestamp="20230407 23:24:40.335" level="INFO">Slept 1 second</msg>
<status status="PASS" starttime="20230407 23:24:39.334" endtime="20230407 23:24:40.335"/>
</kw>
<status status="PASS" starttime="20230407 23:24:37.814" endtime="20230407 23:24:40.335"/>
</iter>
<iter>
<kw name="Get Current Date" library="DateTime">
<var>${response_start}</var>
<arg>result_format=epoch</arg>
<doc>Returns current local or UTC time with an optional increment.</doc>
<msg timestamp="20230407 23:24:40.337" level="INFO">${response_start} = 1680899080.336802</msg>
<status status="PASS" starttime="20230407 23:24:40.336" endtime="20230407 23:24:40.337"/>
</kw>
<kw name="GET" library="RequestsLibrary">
<var>${response}</var>
<arg>${SERVER_URL}/people</arg>
<doc>Sends a GET request.</doc>
<msg timestamp="20230407 23:24:41.999" level="INFO">GET Request : url=http://localhost:5000/people 
 path_url=/people 
 headers={'User-Agent': 'python-requests/2.28.2', 'Accept-Encoding': 'gzip, deflate', 'Accept': '*/*', 'Connection': 'keep-alive'} 
 body=None 
 </msg>
<msg timestamp="20230407 23:24:42.000" level="INFO">GET Response : url=http://localhost:5000/people 
 status=200, reason=OK 
 headers={'Server': 'Werkzeug/2.2.3 Python/3.8.5', 'Date': 'Fri, 07 Apr 2023 20:24:41 GMT', 'Content-Type': 'application/json', 'Content-Length': '154', 'Connection': 'close'} 
 body=[{"hair_color":"blond","height":"172","id":1,"mass":"77","name":"Luke Skywalker"},{"hair_color":"none","height":"165","id":2,"mass":"75","name":"C-3PO"}]
 
 </msg>
<msg timestamp="20230407 23:24:42.000" level="INFO">${response} = &lt;Response [200]&gt;</msg>
<status status="PASS" starttime="20230407 23:24:40.338" endtime="20230407 23:24:42.000"/>
</kw>
<kw name="Get Current Date" library="DateTime">
<var>${response_end}</var>
<arg>result_format=epoch</arg>
<doc>Returns current local or UTC time with an optional increment.</doc>
<msg timestamp="20230407 23:24:42.001" level="INFO">${response_end} = 1680899082.001092</msg>
<status status="PASS" starttime="20230407 23:24:42.001" endtime="20230407 23:24:42.001"/>
</kw>
<kw name="Subtract Date From Date" library="DateTime">
<var>${response_time}</var>
<arg>${response_end}</arg>
<arg>${response_start}</arg>
<doc>Subtracts date from another date and returns time between.</doc>
<msg timestamp="20230407 23:24:42.002" level="INFO">${response_time} = 1.66429</msg>
<status status="PASS" starttime="20230407 23:24:42.002" endtime="20230407 23:24:42.002"/>
</kw>
<kw name="Should Be Equal As Strings" library="BuiltIn">
<arg>${response.status_code}</arg>
<arg>200</arg>
<doc>Fails if objects are unequal after converting them to strings.</doc>
<msg timestamp="20230407 23:24:42.004" level="INFO">Argument types are:
&lt;class 'int'&gt;
&lt;class 'str'&gt;</msg>
<status status="PASS" starttime="20230407 23:24:42.002" endtime="20230407 23:24:42.004"/>
</kw>
<kw name="Convert To Milliseconds">
<var>${response_time}</var>
<arg>${response_time}</arg>
<msg timestamp="20230407 23:24:42.005" level="INFO">${response_time} = 1664.29</msg>
<status status="PASS" starttime="20230407 23:24:42.004" endtime="20230407 23:24:42.005"/>
</kw>
<kw name="Append To List" library="Collections">
<arg>${response_times}</arg>
<arg>${response_time}</arg>
<doc>Adds ``values`` to the end of ``list``.</doc>
<status status="PASS" starttime="20230407 23:24:42.005" endtime="20230407 23:24:42.006"/>
</kw>
<kw name="Get Current Date" library="DateTime">
<var>${current_time}</var>
<arg>result_format=epoch</arg>
<doc>Returns current local or UTC time with an optional increment.</doc>
<msg timestamp="20230407 23:24:42.006" level="INFO">${current_time} = 1680899082.006247</msg>
<status status="PASS" starttime="20230407 23:24:42.006" endtime="20230407 23:24:42.006"/>
</kw>
<kw name="Sleep" library="BuiltIn">
<arg>1s</arg>
<doc>Pauses the test executed for the given time.</doc>
<msg timestamp="20230407 23:24:43.007" level="INFO">Slept 1 second</msg>
<status status="PASS" starttime="20230407 23:24:42.007" endtime="20230407 23:24:43.007"/>
</kw>
<status status="PASS" starttime="20230407 23:24:40.335" endtime="20230407 23:24:43.007"/>
</iter>
<iter>
<kw name="Get Current Date" library="DateTime">
<var>${response_start}</var>
<arg>result_format=epoch</arg>
<doc>Returns current local or UTC time with an optional increment.</doc>
<msg timestamp="20230407 23:24:43.008" level="INFO">${response_start} = 1680899083.007976</msg>
<status status="PASS" starttime="20230407 23:24:43.008" endtime="20230407 23:24:43.008"/>
</kw>
<kw name="GET" library="RequestsLibrary">
<var>${response}</var>
<arg>${SERVER_URL}/people</arg>
<doc>Sends a GET request.</doc>
<msg timestamp="20230407 23:24:44.573" level="INFO">GET Request : url=http://localhost:5000/people 
 path_url=/people 
 headers={'User-Agent': 'python-requests/2.28.2', 'Accept-Encoding': 'gzip, deflate', 'Accept': '*/*', 'Connection': 'keep-alive'} 
 body=None 
 </msg>
<msg timestamp="20230407 23:24:44.574" level="INFO">GET Response : url=http://localhost:5000/people 
 status=200, reason=OK 
 headers={'Server': 'Werkzeug/2.2.3 Python/3.8.5', 'Date': 'Fri, 07 Apr 2023 20:24:44 GMT', 'Content-Type': 'application/json', 'Content-Length': '154', 'Connection': 'close'} 
 body=[{"hair_color":"blond","height":"172","id":1,"mass":"77","name":"Luke Skywalker"},{"hair_color":"none","height":"165","id":2,"mass":"75","name":"C-3PO"}]
 
 </msg>
<msg timestamp="20230407 23:24:44.574" level="INFO">${response} = &lt;Response [200]&gt;</msg>
<status status="PASS" starttime="20230407 23:24:43.008" endtime="20230407 23:24:44.574"/>
</kw>
<kw name="Get Current Date" library="DateTime">
<var>${response_end}</var>
<arg>result_format=epoch</arg>
<doc>Returns current local or UTC time with an optional increment.</doc>
<msg timestamp="20230407 23:24:44.575" level="INFO">${response_end} = 1680899084.574932</msg>
<status status="PASS" starttime="20230407 23:24:44.574" endtime="20230407 23:24:44.575"/>
</kw>
<kw name="Subtract Date From Date" library="DateTime">
<var>${response_time}</var>
<arg>${response_end}</arg>
<arg>${response_start}</arg>
<doc>Subtracts date from another date and returns time between.</doc>
<msg timestamp="20230407 23:24:44.576" level="INFO">${response_time} = 1.566956</msg>
<status status="PASS" starttime="20230407 23:24:44.575" endtime="20230407 23:24:44.576"/>
</kw>
<kw name="Should Be Equal As Strings" library="BuiltIn">
<arg>${response.status_code}</arg>
<arg>200</arg>
<doc>Fails if objects are unequal after converting them to strings.</doc>
<msg timestamp="20230407 23:24:44.577" level="INFO">Argument types are:
&lt;class 'int'&gt;
&lt;class 'str'&gt;</msg>
<status status="PASS" starttime="20230407 23:24:44.576" endtime="20230407 23:24:44.578"/>
</kw>
<kw name="Convert To Milliseconds">
<var>${response_time}</var>
<arg>${response_time}</arg>
<msg timestamp="20230407 23:24:44.579" level="INFO">${response_time} = 1566.956</msg>
<status status="PASS" starttime="20230407 23:24:44.578" endtime="20230407 23:24:44.579"/>
</kw>
<kw name="Append To List" library="Collections">
<arg>${response_times}</arg>
<arg>${response_time}</arg>
<doc>Adds ``values`` to the end of ``list``.</doc>
<status status="PASS" starttime="20230407 23:24:44.579" endtime="20230407 23:24:44.580"/>
</kw>
<kw name="Get Current Date" library="DateTime">
<var>${current_time}</var>
<arg>result_format=epoch</arg>
<doc>Returns current local or UTC time with an optional increment.</doc>
<msg timestamp="20230407 23:24:44.580" level="INFO">${current_time} = 1680899084.580084</msg>
<status status="PASS" starttime="20230407 23:24:44.580" endtime="20230407 23:24:44.580"/>
</kw>
<kw name="Sleep" library="BuiltIn">
<arg>1s</arg>
<doc>Pauses the test executed for the given time.</doc>
<msg timestamp="20230407 23:24:45.581" level="INFO">Slept 1 second</msg>
<status status="PASS" starttime="20230407 23:24:44.580" endtime="20230407 23:24:45.582"/>
</kw>
<status status="PASS" starttime="20230407 23:24:43.007" endtime="20230407 23:24:45.582"/>
</iter>
<status status="PASS" starttime="20230407 23:24:33.212" endtime="20230407 23:24:45.582"/>
</while>
<kw name="Get Elapsed Time">
<var>${elapsed_time}</var>
<arg>${start_time}</arg>
<doc>Get the elapsed time between two times</doc>
<kw name="Get Current Date" library="DateTime">
<var>${end_time}</var>
<arg>result_format=%Y-%m-%d %H:%M:%S.%f</arg>
<doc>Returns current local or UTC time with an optional increment.</doc>
<msg timestamp="20230407 23:24:45.585" level="INFO">${end_time} = 2023-04-07 23:24:45.584758</msg>
<status status="PASS" starttime="20230407 23:24:45.584" endtime="20230407 23:24:45.585"/>
</kw>
<kw name="Subtract Date From Date" library="DateTime">
<var>${elapsed_time}</var>
<arg>${end_time}</arg>
<arg>${start_time}</arg>
<doc>Subtracts date from another date and returns time between.</doc>
<msg timestamp="20230407 23:24:45.591" level="INFO">${elapsed_time} = 12.377038</msg>
<status status="PASS" starttime="20230407 23:24:45.585" endtime="20230407 23:24:45.591"/>
</kw>
<kw name="Convert Date" library="DateTime">
<var>${time}</var>
<arg>${elapsed_time}</arg>
<arg>epoch</arg>
<doc>Converts between supported `date formats`.</doc>
<msg timestamp="20230407 23:24:45.592" level="INFO">${time} = 12.377038</msg>
<status status="PASS" starttime="20230407 23:24:45.591" endtime="20230407 23:24:45.592"/>
</kw>
<msg timestamp="20230407 23:24:45.592" level="INFO">${elapsed_time} = 12.377038</msg>
<status status="PASS" starttime="20230407 23:24:45.583" endtime="20230407 23:24:45.592"/>
</kw>
<kw name="Log" library="BuiltIn">
<arg>Elapsed time: ${elapsed_time}</arg>
<doc>Logs the given message with the given level.</doc>
<msg timestamp="20230407 23:24:45.594" level="INFO">Elapsed time: 12.377038</msg>
<status status="PASS" starttime="20230407 23:24:45.593" endtime="20230407 23:24:45.594"/>
</kw>
<kw name="Mean Deviation">
<var>${mean_time}</var>
<arg>${response_times}</arg>
<kw name="Set Variable" library="BuiltIn">
<var>${sum}</var>
<arg>0</arg>
<doc>Returns the given values which can then be assigned to a variables.</doc>
<msg timestamp="20230407 23:24:45.596" level="INFO">${sum} = 0</msg>
<status status="PASS" starttime="20230407 23:24:45.595" endtime="20230407 23:24:45.596"/>
</kw>
<kw name="Get Length" library="BuiltIn">
<var>${N}</var>
<arg>${list}</arg>
<doc>Returns and logs the length of the given item as an integer.</doc>
<msg timestamp="20230407 23:24:45.596" level="INFO">Length is 5</msg>
<msg timestamp="20230407 23:24:45.596" level="INFO">${N} = 5</msg>
<status status="PASS" starttime="20230407 23:24:45.596" endtime="20230407 23:24:45.596"/>
</kw>
<for flavor="IN">
<var>${resp_time}</var>
<value>@{list}</value>
<iter>
<var name="${resp_time}">1979.474</var>
<kw name="Evaluate" library="BuiltIn">
<var>${sum}</var>
<arg>${resp_time}+${sum}</arg>
<doc>Evaluates the given expression in Python and returns the result.</doc>
<msg timestamp="20230407 23:24:45.597" level="INFO">${sum} = 1979.474</msg>
<status status="PASS" starttime="20230407 23:24:45.597" endtime="20230407 23:24:45.597"/>
</kw>
<status status="PASS" starttime="20230407 23:24:45.596" endtime="20230407 23:24:45.597"/>
</iter>
<iter>
<var name="${resp_time}">604.349</var>
<kw name="Evaluate" library="BuiltIn">
<var>${sum}</var>
<arg>${resp_time}+${sum}</arg>
<doc>Evaluates the given expression in Python and returns the result.</doc>
<msg timestamp="20230407 23:24:45.598" level="INFO">${sum} = 2583.823</msg>
<status status="PASS" starttime="20230407 23:24:45.597" endtime="20230407 23:24:45.598"/>
</kw>
<status status="PASS" starttime="20230407 23:24:45.597" endtime="20230407 23:24:45.598"/>
</iter>
<iter>
<var name="${resp_time}">1513.4650000000001</var>
<kw name="Evaluate" library="BuiltIn">
<var>${sum}</var>
<arg>${resp_time}+${sum}</arg>
<doc>Evaluates the given expression in Python and returns the result.</doc>
<msg timestamp="20230407 23:24:45.598" level="INFO">${sum} = 4097.2880000000005</msg>
<status status="PASS" starttime="20230407 23:24:45.598" endtime="20230407 23:24:45.598"/>
</kw>
<status status="PASS" starttime="20230407 23:24:45.598" endtime="20230407 23:24:45.598"/>
</iter>
<iter>
<var name="${resp_time}">1664.29</var>
<kw name="Evaluate" library="BuiltIn">
<var>${sum}</var>
<arg>${resp_time}+${sum}</arg>
<doc>Evaluates the given expression in Python and returns the result.</doc>
<msg timestamp="20230407 23:24:45.599" level="INFO">${sum} = 5761.578</msg>
<status status="PASS" starttime="20230407 23:24:45.598" endtime="20230407 23:24:45.599"/>
</kw>
<status status="PASS" starttime="20230407 23:24:45.598" endtime="20230407 23:24:45.599"/>
</iter>
<iter>
<var name="${resp_time}">1566.956</var>
<kw name="Evaluate" library="BuiltIn">
<var>${sum}</var>
<arg>${resp_time}+${sum}</arg>
<doc>Evaluates the given expression in Python and returns the result.</doc>
<msg timestamp="20230407 23:24:45.599" level="INFO">${sum} = 7328.534000000001</msg>
<status status="PASS" starttime="20230407 23:24:45.599" endtime="20230407 23:24:45.599"/>
</kw>
<status status="PASS" starttime="20230407 23:24:45.599" endtime="20230407 23:24:45.599"/>
</iter>
<status status="PASS" starttime="20230407 23:24:45.596" endtime="20230407 23:24:45.599"/>
</for>
<kw name="Log" library="BuiltIn">
<arg>${sum}</arg>
<doc>Logs the given message with the given level.</doc>
<msg timestamp="20230407 23:24:45.600" level="INFO">7328.534000000001</msg>
<status status="PASS" starttime="20230407 23:24:45.600" endtime="20230407 23:24:45.600"/>
</kw>
<kw name="Log" library="BuiltIn">
<arg>${N}</arg>
<doc>Logs the given message with the given level.</doc>
<msg timestamp="20230407 23:24:45.600" level="INFO">5</msg>
<status status="PASS" starttime="20230407 23:24:45.600" endtime="20230407 23:24:45.600"/>
</kw>
<kw name="Evaluate" library="BuiltIn">
<var>${result}</var>
<arg>${sum}/${N}</arg>
<doc>Evaluates the given expression in Python and returns the result.</doc>
<msg timestamp="20230407 23:24:45.601" level="INFO">${result} = 1465.7068000000002</msg>
<status status="PASS" starttime="20230407 23:24:45.600" endtime="20230407 23:24:45.601"/>
</kw>
<kw name="Log" library="BuiltIn">
<arg>${result}</arg>
<doc>Logs the given message with the given level.</doc>
<msg timestamp="20230407 23:24:45.601" level="INFO">1465.7068000000002</msg>
<status status="PASS" starttime="20230407 23:24:45.601" endtime="20230407 23:24:45.601"/>
</kw>
<msg timestamp="20230407 23:24:45.601" level="INFO">${mean_time} = 1465.7068000000002</msg>
<status status="PASS" starttime="20230407 23:24:45.595" endtime="20230407 23:24:45.601"/>
</kw>
<kw name="Standard Deviation">
<var>${std_dev}</var>
<arg>${response_times}</arg>
<kw name="Mean Deviation">
<var>${mean}</var>
<arg>${list}</arg>
<kw name="Set Variable" library="BuiltIn">
<var>${sum}</var>
<arg>0</arg>
<doc>Returns the given values which can then be assigned to a variables.</doc>
<msg timestamp="20230407 23:24:45.603" level="INFO">${sum} = 0</msg>
<status status="PASS" starttime="20230407 23:24:45.602" endtime="20230407 23:24:45.603"/>
</kw>
<kw name="Get Length" library="BuiltIn">
<var>${N}</var>
<arg>${list}</arg>
<doc>Returns and logs the length of the given item as an integer.</doc>
<msg timestamp="20230407 23:24:45.603" level="INFO">Length is 5</msg>
<msg timestamp="20230407 23:24:45.603" level="INFO">${N} = 5</msg>
<status status="PASS" starttime="20230407 23:24:45.603" endtime="20230407 23:24:45.603"/>
</kw>
<for flavor="IN">
<var>${resp_time}</var>
<value>@{list}</value>
<iter>
<var name="${resp_time}">1979.474</var>
<kw name="Evaluate" library="BuiltIn">
<var>${sum}</var>
<arg>${resp_time}+${sum}</arg>
<doc>Evaluates the given expression in Python and returns the result.</doc>
<msg timestamp="20230407 23:24:45.604" level="INFO">${sum} = 1979.474</msg>
<status status="PASS" starttime="20230407 23:24:45.603" endtime="20230407 23:24:45.604"/>
</kw>
<status status="PASS" starttime="20230407 23:24:45.603" endtime="20230407 23:24:45.604"/>
</iter>
<iter>
<var name="${resp_time}">604.349</var>
<kw name="Evaluate" library="BuiltIn">
<var>${sum}</var>
<arg>${resp_time}+${sum}</arg>
<doc>Evaluates the given expression in Python and returns the result.</doc>
<msg timestamp="20230407 23:24:45.605" level="INFO">${sum} = 2583.823</msg>
<status status="PASS" starttime="20230407 23:24:45.604" endtime="20230407 23:24:45.605"/>
</kw>
<status status="PASS" starttime="20230407 23:24:45.604" endtime="20230407 23:24:45.605"/>
</iter>
<iter>
<var name="${resp_time}">1513.4650000000001</var>
<kw name="Evaluate" library="BuiltIn">
<var>${sum}</var>
<arg>${resp_time}+${sum}</arg>
<doc>Evaluates the given expression in Python and returns the result.</doc>
<msg timestamp="20230407 23:24:45.605" level="INFO">${sum} = 4097.2880000000005</msg>
<status status="PASS" starttime="20230407 23:24:45.605" endtime="20230407 23:24:45.605"/>
</kw>
<status status="PASS" starttime="20230407 23:24:45.605" endtime="20230407 23:24:45.605"/>
</iter>
<iter>
<var name="${resp_time}">1664.29</var>
<kw name="Evaluate" library="BuiltIn">
<var>${sum}</var>
<arg>${resp_time}+${sum}</arg>
<doc>Evaluates the given expression in Python and returns the result.</doc>
<msg timestamp="20230407 23:24:45.606" level="INFO">${sum} = 5761.578</msg>
<status status="PASS" starttime="20230407 23:24:45.606" endtime="20230407 23:24:45.606"/>
</kw>
<status status="PASS" starttime="20230407 23:24:45.606" endtime="20230407 23:24:45.606"/>
</iter>
<iter>
<var name="${resp_time}">1566.956</var>
<kw name="Evaluate" library="BuiltIn">
<var>${sum}</var>
<arg>${resp_time}+${sum}</arg>
<doc>Evaluates the given expression in Python and returns the result.</doc>
<msg timestamp="20230407 23:24:45.607" level="INFO">${sum} = 7328.534000000001</msg>
<status status="PASS" starttime="20230407 23:24:45.607" endtime="20230407 23:24:45.607"/>
</kw>
<status status="PASS" starttime="20230407 23:24:45.607" endtime="20230407 23:24:45.607"/>
</iter>
<status status="PASS" starttime="20230407 23:24:45.603" endtime="20230407 23:24:45.607"/>
</for>
<kw name="Log" library="BuiltIn">
<arg>${sum}</arg>
<doc>Logs the given message with the given level.</doc>
<msg timestamp="20230407 23:24:45.608" level="INFO">7328.534000000001</msg>
<status status="PASS" starttime="20230407 23:24:45.607" endtime="20230407 23:24:45.608"/>
</kw>
<kw name="Log" library="BuiltIn">
<arg>${N}</arg>
<doc>Logs the given message with the given level.</doc>
<msg timestamp="20230407 23:24:45.608" level="INFO">5</msg>
<status status="PASS" starttime="20230407 23:24:45.608" endtime="20230407 23:24:45.608"/>
</kw>
<kw name="Evaluate" library="BuiltIn">
<var>${result}</var>
<arg>${sum}/${N}</arg>
<doc>Evaluates the given expression in Python and returns the result.</doc>
<msg timestamp="20230407 23:24:45.609" level="INFO">${result} = 1465.7068000000002</msg>
<status status="PASS" starttime="20230407 23:24:45.608" endtime="20230407 23:24:45.609"/>
</kw>
<kw name="Log" library="BuiltIn">
<arg>${result}</arg>
<doc>Logs the given message with the given level.</doc>
<msg timestamp="20230407 23:24:45.609" level="INFO">1465.7068000000002</msg>
<status status="PASS" starttime="20230407 23:24:45.609" endtime="20230407 23:24:45.609"/>
</kw>
<msg timestamp="20230407 23:24:45.609" level="INFO">${mean} = 1465.7068000000002</msg>
<status status="PASS" starttime="20230407 23:24:45.602" endtime="20230407 23:24:45.609"/>
</kw>
<kw name="Set Variable" library="BuiltIn">
<var>${sum}</var>
<arg>0</arg>
<doc>Returns the given values which can then be assigned to a variables.</doc>
<msg timestamp="20230407 23:24:45.610" level="INFO">${sum} = 0</msg>
<status status="PASS" starttime="20230407 23:24:45.609" endtime="20230407 23:24:45.610"/>
</kw>
<kw name="Get Length" library="BuiltIn">
<var>${N}</var>
<arg>${list}</arg>
<doc>Returns and logs the length of the given item as an integer.</doc>
<msg timestamp="20230407 23:24:45.610" level="INFO">Length is 5</msg>
<msg timestamp="20230407 23:24:45.610" level="INFO">${N} = 5</msg>
<status status="PASS" starttime="20230407 23:24:45.610" endtime="20230407 23:24:45.610"/>
</kw>
<for flavor="IN">
<var>${resp_time}</var>
<value>@{list}</value>
<iter>
<var name="${resp_time}">1979.474</var>
<kw name="Evaluate" library="BuiltIn">
<var>${diff}</var>
<arg>${resp_time} - ${mean}</arg>
<doc>Evaluates the given expression in Python and returns the result.</doc>
<msg timestamp="20230407 23:24:45.611" level="INFO">${diff} = 513.7671999999998</msg>
<status status="PASS" starttime="20230407 23:24:45.610" endtime="20230407 23:24:45.611"/>
</kw>
<kw name="Evaluate" library="BuiltIn">
<var>${sq_diff}</var>
<arg>${diff} * ${diff}</arg>
<doc>Evaluates the given expression in Python and returns the result.</doc>
<msg timestamp="20230407 23:24:45.611" level="INFO">${sq_diff} = 263956.73579583975</msg>
<status status="PASS" starttime="20230407 23:24:45.611" endtime="20230407 23:24:45.611"/>
</kw>
<kw name="Evaluate" library="BuiltIn">
<var>${sum}</var>
<arg>${sum} + ${sq_diff}</arg>
<doc>Evaluates the given expression in Python and returns the result.</doc>
<msg timestamp="20230407 23:24:45.612" level="INFO">${sum} = 263956.73579583975</msg>
<status status="PASS" starttime="20230407 23:24:45.611" endtime="20230407 23:24:45.612"/>
</kw>
<status status="PASS" starttime="20230407 23:24:45.610" endtime="20230407 23:24:45.612"/>
</iter>
<iter>
<var name="${resp_time}">604.349</var>
<kw name="Evaluate" library="BuiltIn">
<var>${diff}</var>
<arg>${resp_time} - ${mean}</arg>
<doc>Evaluates the given expression in Python and returns the result.</doc>
<msg timestamp="20230407 23:24:45.612" level="INFO">${diff} = -861.3578000000001</msg>
<status status="PASS" starttime="20230407 23:24:45.612" endtime="20230407 23:24:45.612"/>
</kw>
<kw name="Evaluate" library="BuiltIn">
<var>${sq_diff}</var>
<arg>${diff} * ${diff}</arg>
<doc>Evaluates the given expression in Python and returns the result.</doc>
<msg timestamp="20230407 23:24:45.613" level="INFO">${sq_diff} = 741937.2596208402</msg>
<status status="PASS" starttime="20230407 23:24:45.612" endtime="20230407 23:24:45.613"/>
</kw>
<kw name="Evaluate" library="BuiltIn">
<var>${sum}</var>
<arg>${sum} + ${sq_diff}</arg>
<doc>Evaluates the given expression in Python and returns the result.</doc>
<msg timestamp="20230407 23:24:45.613" level="INFO">${sum} = 1005893.9954166799</msg>
<status status="PASS" starttime="20230407 23:24:45.613" endtime="20230407 23:24:45.613"/>
</kw>
<status status="PASS" starttime="20230407 23:24:45.612" endtime="20230407 23:24:45.613"/>
</iter>
<iter>
<var name="${resp_time}">1513.4650000000001</var>
<kw name="Evaluate" library="BuiltIn">
<var>${diff}</var>
<arg>${resp_time} - ${mean}</arg>
<doc>Evaluates the given expression in Python and returns the result.</doc>
<msg timestamp="20230407 23:24:45.614" level="INFO">${diff} = 47.75819999999999</msg>
<status status="PASS" starttime="20230407 23:24:45.613" endtime="20230407 23:24:45.614"/>
</kw>
<kw name="Evaluate" library="BuiltIn">
<var>${sq_diff}</var>
<arg>${diff} * ${diff}</arg>
<doc>Evaluates the given expression in Python and returns the result.</doc>
<msg timestamp="20230407 23:24:45.614" level="INFO">${sq_diff} = 2280.845667239999</msg>
<status status="PASS" starttime="20230407 23:24:45.614" endtime="20230407 23:24:45.614"/>
</kw>
<kw name="Evaluate" library="BuiltIn">
<var>${sum}</var>
<arg>${sum} + ${sq_diff}</arg>
<doc>Evaluates the given expression in Python and returns the result.</doc>
<msg timestamp="20230407 23:24:45.614" level="INFO">${sum} = 1008174.8410839199</msg>
<status status="PASS" starttime="20230407 23:24:45.614" endtime="20230407 23:24:45.614"/>
</kw>
<status status="PASS" starttime="20230407 23:24:45.613" endtime="20230407 23:24:45.614"/>
</iter>
<iter>
<var name="${resp_time}">1664.29</var>
<kw name="Evaluate" library="BuiltIn">
<var>${diff}</var>
<arg>${resp_time} - ${mean}</arg>
<doc>Evaluates the given expression in Python and returns the result.</doc>
<msg timestamp="20230407 23:24:45.615" level="INFO">${diff} = 198.5831999999998</msg>
<status status="PASS" starttime="20230407 23:24:45.615" endtime="20230407 23:24:45.615"/>
</kw>
<kw name="Evaluate" library="BuiltIn">
<var>${sq_diff}</var>
<arg>${diff} * ${diff}</arg>
<doc>Evaluates the given expression in Python and returns the result.</doc>
<msg timestamp="20230407 23:24:45.615" level="INFO">${sq_diff} = 39435.28732223992</msg>
<status status="PASS" starttime="20230407 23:24:45.615" endtime="20230407 23:24:45.615"/>
</kw>
<kw name="Evaluate" library="BuiltIn">
<var>${sum}</var>
<arg>${sum} + ${sq_diff}</arg>
<doc>Evaluates the given expression in Python and returns the result.</doc>
<msg timestamp="20230407 23:24:45.616" level="INFO">${sum} = 1047610.1284061598</msg>
<status status="PASS" starttime="20230407 23:24:45.616" endtime="20230407 23:24:45.616"/>
</kw>
<status status="PASS" starttime="20230407 23:24:45.615" endtime="20230407 23:24:45.616"/>
</iter>
<iter>
<var name="${resp_time}">1566.956</var>
<kw name="Evaluate" library="BuiltIn">
<var>${diff}</var>
<arg>${resp_time} - ${mean}</arg>
<doc>Evaluates the given expression in Python and returns the result.</doc>
<msg timestamp="20230407 23:24:45.616" level="INFO">${diff} = 101.24919999999975</msg>
<status status="PASS" starttime="20230407 23:24:45.616" endtime="20230407 23:24:45.616"/>
</kw>
<kw name="Evaluate" library="BuiltIn">
<var>${sq_diff}</var>
<arg>${diff} * ${diff}</arg>
<doc>Evaluates the given expression in Python and returns the result.</doc>
<msg timestamp="20230407 23:24:45.617" level="INFO">${sq_diff} = 10251.40050063995</msg>
<status status="PASS" starttime="20230407 23:24:45.616" endtime="20230407 23:24:45.617"/>
</kw>
<kw name="Evaluate" library="BuiltIn">
<var>${sum}</var>
<arg>${sum} + ${sq_diff}</arg>
<doc>Evaluates the given expression in Python and returns the result.</doc>
<msg timestamp="20230407 23:24:45.617" level="INFO">${sum} = 1057861.5289067999</msg>
<status status="PASS" starttime="20230407 23:24:45.617" endtime="20230407 23:24:45.618"/>
</kw>
<status status="PASS" starttime="20230407 23:24:45.616" endtime="20230407 23:24:45.618"/>
</iter>
<status status="PASS" starttime="20230407 23:24:45.610" endtime="20230407 23:24:45.618"/>
</for>
<kw name="Evaluate" library="BuiltIn">
<var>${variance}</var>
<arg>${sum} / (${N} - 1)</arg>
<doc>Evaluates the given expression in Python and returns the result.</doc>
<msg timestamp="20230407 23:24:45.619" level="INFO">${variance} = 264465.38222669996</msg>
<status status="PASS" starttime="20230407 23:24:45.618" endtime="20230407 23:24:45.619"/>
</kw>
<kw name="Evaluate" library="BuiltIn">
<var>${std_dev}</var>
<arg>math.sqrt(${variance})</arg>
<doc>Evaluates the given expression in Python and returns the result.</doc>
<msg timestamp="20230407 23:24:45.620" level="INFO">${std_dev} = 514.2619782043972</msg>
<status status="PASS" starttime="20230407 23:24:45.619" endtime="20230407 23:24:45.620"/>
</kw>
<msg timestamp="20230407 23:24:45.620" level="INFO">${std_dev} = 514.2619782043972</msg>
<status status="PASS" starttime="20230407 23:24:45.602" endtime="20230407 23:24:45.620"/>
</kw>
<kw name="Log" library="BuiltIn">
<arg>Mean response time: ${mean_time} ms</arg>
<doc>Logs the given message with the given level.</doc>
<msg timestamp="20230407 23:24:45.621" level="INFO">Mean response time: 1465.7068000000002 ms</msg>
<status status="PASS" starttime="20230407 23:24:45.620" endtime="20230407 23:24:45.621"/>
</kw>
<kw name="Log" library="BuiltIn">
<arg>Standard deviation of response time: ${std_dev} ms</arg>
<doc>Logs the given message with the given level.</doc>
<msg timestamp="20230407 23:24:45.621" level="INFO">Standard deviation of response time: 514.2619782043972 ms</msg>
<status status="PASS" starttime="20230407 23:24:45.621" endtime="20230407 23:24:45.621"/>
</kw>
<doc>Access the get endpoint '/people' continuously for a duration of time</doc>
<tag>stress-test</tag>
<status status="PASS" starttime="20230407 23:24:33.206" endtime="20230407 23:24:45.621"/>
</test>
<kw name="Stop Flask Server" type="TEARDOWN">
<doc>Stop the Flask server</doc>
<kw name="Run Process" library="Process">
<var>${output}</var>
<arg>ps aux | grep "flask run" | grep -v grep | awk '{print $2}'</arg>
<arg>shell=True</arg>
<doc>Runs a process and waits for it to complete.</doc>
<msg timestamp="20230407 23:24:45.623" level="INFO">Starting process:
ps aux | grep "flask run" | grep -v grep | awk '{print $2}'</msg>
<msg timestamp="20230407 23:24:45.634" level="INFO">Waiting for process to complete.</msg>
<msg timestamp="20230407 23:24:45.797" level="INFO">Process completed.</msg>
<msg timestamp="20230407 23:24:45.798" level="INFO">${output} = &lt;result object with rc 0&gt;</msg>
<status status="PASS" starttime="20230407 23:24:45.622" endtime="20230407 23:24:45.798"/>
</kw>
<kw name="Log" library="BuiltIn">
<arg>Flask PID: ${output.stdout.strip()}</arg>
<doc>Logs the given message with the given level.</doc>
<msg timestamp="20230407 23:24:45.799" level="INFO">Flask PID: 28130</msg>
<status status="PASS" starttime="20230407 23:24:45.798" endtime="20230407 23:24:45.799"/>
</kw>
<kw name="Run Process" library="Process">
<arg>kill -9 ${output.stdout.strip()}</arg>
<arg>shell=True</arg>
<doc>Runs a process and waits for it to complete.</doc>
<msg timestamp="20230407 23:24:45.800" level="INFO">Starting process:
kill -9 28130</msg>
<msg timestamp="20230407 23:24:45.805" level="INFO">Waiting for process to complete.</msg>
<msg timestamp="20230407 23:24:45.807" level="INFO">Process completed.</msg>
<status status="PASS" starttime="20230407 23:24:45.799" endtime="20230407 23:24:45.807"/>
</kw>
<status status="PASS" starttime="20230407 23:24:45.622" endtime="20230407 23:24:45.808"/>
</kw>
<status status="PASS" starttime="20230407 23:24:27.979" endtime="20230407 23:24:45.808"/>
</suite>
<statistics>
<total>
<stat pass="1" fail="0" skip="0">All Tests</stat>
</total>
<tag>
<stat pass="1" fail="0" skip="0">stress-test</stat>
</tag>
<suite>
<stat pass="1" fail="0" skip="0" id="s1" name="Star Wars Performance">Star Wars Performance</stat>
</suite>
</statistics>
<errors>
</errors>
</robot>
